2018-10-04 13:18:20,715 INFO [main] Info Message
2018-10-04 13:18:20,739 DEBUG [main] Debug Message
2018-10-04 13:18:20,741 ERROR [main] Error Message
2018-10-04 13:18:20,742 WARN [main] Warn Message
2018-10-04 13:18:20,744 FATAL [main] Fatal Message
2018-10-04 13:21:45,350 INFO [main] Info Message
2018-10-04 13:21:45,368 DEBUG [main] Debug Message
2018-10-04 13:21:45,369 ERROR [main] Error Message
2018-10-04 13:21:45,370 WARN [main] Warn Message
2018-10-04 13:21:45,371 FATAL [main] Fatal Message
2018-10-04 13:22:28,663 INFO [main] Info Message
2018-10-04 13:22:28,689 DEBUG [main] Debug Message
2018-10-04 13:22:28,692 ERROR [main] Error Message
2018-10-04 13:22:28,694 WARN [main] Warn Message
2018-10-04 13:22:28,696 FATAL [main] Fatal Message
2018-10-04 13:23:19,978 INFO [main] Info Message
2018-10-04 13:23:20,004 DEBUG [main] Debug Message
2018-10-04 13:23:20,006 ERROR [main] Error Message
2018-10-04 13:23:20,008 WARN [main] Warn Message
2018-10-04 13:23:20,009 FATAL [main] Fatal Message
2018-10-04 13:24:55,137 INFO [main] Info Message
2018-10-04 13:24:55,158 DEBUG [main] Debug Message
2018-10-04 13:24:55,159 ERROR [main] Error Message
2018-10-04 13:24:55,160 WARN [main] Warn Message
2018-10-04 13:24:55,161 FATAL [main] Fatal Message
2018-10-04 13:25:56,362 INFO [main] Info Message
2018-10-04 13:25:56,380 DEBUG [main] Debug Message
2018-10-04 13:25:56,381 ERROR [main] Error Message
2018-10-04 13:25:56,382 WARN [main] Warn Message
2018-10-04 13:25:56,383 FATAL [main] Fatal Message
2018-10-04 13:35:29,279 INFO [main] Info Message
2018-10-04 13:35:29,279 INFO [main] Info Message
2018-10-04 13:35:29,301 DEBUG [main] Debug Message
2018-10-04 13:35:29,301 DEBUG [main] Debug Message
2018-10-04 13:35:29,302 ERROR [main] Error Message
2018-10-04 13:35:29,302 ERROR [main] Error Message
2018-10-04 13:35:29,304 WARN [main] Warn Message
2018-10-04 13:35:29,304 WARN [main] Warn Message
2018-10-04 13:35:29,306 FATAL [main] Fatal Message
2018-10-04 13:35:29,306 FATAL [main] Fatal Message
2018-10-04 13:36:10,660 INFO [main] Info Message
2018-10-04 13:36:10,660 INFO [main] Info Message
2018-10-04 13:36:10,679 DEBUG [main] Debug Message
2018-10-04 13:36:10,679 DEBUG [main] Debug Message
2018-10-04 13:36:10,680 ERROR [main] Error Message
2018-10-04 13:36:10,680 ERROR [main] Error Message
2018-10-04 13:36:10,682 WARN [main] Warn Message
2018-10-04 13:36:10,682 WARN [main] Warn Message
2018-10-04 13:36:10,684 FATAL [main] Fatal Message
2018-10-04 13:36:10,684 FATAL [main] Fatal Message
2018-10-04 13:36:50,333 INFO [main] Info Message
2018-10-04 13:36:50,351 DEBUG [main] Debug Message
2018-10-04 13:36:50,353 ERROR [main] Error Message
2018-10-04 13:36:50,354 WARN [main] Warn Message
2018-10-04 13:36:50,355 FATAL [main] Fatal Message
2018-10-04 13:37:29,644 INFO [main] Info Message!!!!!!
2018-10-04 13:37:29,644 INFO [main] Info Message!!!!!!
2018-10-04 13:37:29,664 DEBUG [main] Debug Message!!!!!!!
2018-10-04 13:37:29,664 DEBUG [main] Debug Message!!!!!!!
2018-10-04 13:37:29,666 ERROR [main] Error Message!!!!!
2018-10-04 13:37:29,666 ERROR [main] Error Message!!!!!
2018-10-04 13:37:29,668 WARN [main] Warn Message!!!!!!!
2018-10-04 13:37:29,668 WARN [main] Warn Message!!!!!!!
2018-10-04 13:37:29,670 FATAL [main] Fatal Message!!!!!!!
2018-10-04 13:37:29,670 FATAL [main] Fatal Message!!!!!!!
2018-10-04 13:38:03,953 INFO [main] Info Message!!!!!!
2018-10-04 13:38:03,953 INFO [main] Info Message!!!!!!
2018-10-04 13:38:03,972 DEBUG [main] Debug Message!!!!!!!
2018-10-04 13:38:03,972 DEBUG [main] Debug Message!!!!!!!
2018-10-04 13:38:03,973 ERROR [main] Error Message!!!!!
2018-10-04 13:38:03,973 ERROR [main] Error Message!!!!!
2018-10-04 13:38:03,975 WARN [main] Warn Message!!!!!!!
2018-10-04 13:38:03,975 WARN [main] Warn Message!!!!!!!
2018-10-04 13:38:03,977 FATAL [main] Fatal Message!!!!!!!
2018-10-04 13:38:03,977 FATAL [main] Fatal Message!!!!!!!
2018-10-04 13:38:38,898 INFO [main] Info Message!!!!!!
2018-10-04 13:38:38,898 INFO [main] Info Message!!!!!!
2018-10-04 13:38:38,916 DEBUG [main] Debug Message!!!!!!!
2018-10-04 13:38:38,916 DEBUG [main] Debug Message!!!!!!!
2018-10-04 13:38:38,918 ERROR [main] Error Message!!!!!
2018-10-04 13:38:38,918 ERROR [main] Error Message!!!!!
2018-10-04 13:38:38,920 WARN [main] Warn Message!!!!!!!
2018-10-04 13:38:38,920 WARN [main] Warn Message!!!!!!!
2018-10-04 13:38:38,922 FATAL [main] Fatal Message!!!!!!!
2018-10-04 13:38:38,922 FATAL [main] Fatal Message!!!!!!!
2018-10-04 13:38:55,033 INFO [main] Info Message!!!!!!
2018-10-04 13:38:55,054 DEBUG [main] Debug Message!!!!!!!
2018-10-04 13:38:55,055 ERROR [main] Error Message!!!!!
2018-10-04 13:38:55,057 WARN [main] Warn Message!!!!!!!
2018-10-04 13:38:55,058 FATAL [main] Fatal Message!!!!!!!
2018-10-04 14:12:33,859 INFO [main] Info Message!!!!!!
2018-10-04 14:12:33,859 INFO [main] Info Message!!!!!!
2018-10-04 14:12:33,878 DEBUG [main] Debug Message!!!!!!!
2018-10-04 14:12:33,878 DEBUG [main] Debug Message!!!!!!!
2018-10-04 14:12:33,880 ERROR [main] Error Message!!!!!
2018-10-04 14:12:33,880 ERROR [main] Error Message!!!!!
2018-10-04 14:12:33,882 WARN [main] Warn Message!!!!!!!
2018-10-04 14:12:33,882 WARN [main] Warn Message!!!!!!!
2018-10-04 14:12:33,884 FATAL [main] Fatal Message!!!!!!!
2018-10-04 14:12:33,884 FATAL [main] Fatal Message!!!!!!!
